0 info it worked if it ends with ok
1 verbose cli [ 'node',
1 verbose cli   '/usr/local/bin/npm',
1 verbose cli   'install',
1 verbose cli   'twbs:bootstrap',
1 verbose cli   '--save',
1 verbose cli   'bootstrap' ]
2 info using npm@2.7.4
3 info using node@v0.12.2
4 verbose stack Error: Unsupported URL Type: twbs:bootstrap
4 verbose stack     at parseUrl (/usr/local/lib/node_modules/npm/node_modules/npm-package-arg/npa.js:166:13)
4 verbose stack     at npa (/usr/local/lib/node_modules/npm/node_modules/npm-package-arg/npa.js:75:12)
4 verbose stack     at resolver (/usr/local/lib/node_modules/npm/lib/install.js:833:42)
4 verbose stack     at /usr/local/lib/node_modules/npm/node_modules/slide/lib/async-map.js:52:35
4 verbose stack     at Array.forEach (native)
4 verbose stack     at /usr/local/lib/node_modules/npm/node_modules/slide/lib/async-map.js:52:11
4 verbose stack     at Array.forEach (native)
4 verbose stack     at asyncMap (/usr/local/lib/node_modules/npm/node_modules/slide/lib/async-map.js:51:8)
4 verbose stack     at /usr/local/lib/node_modules/npm/lib/install.js:694:5
4 verbose stack     at /usr/local/lib/node_modules/npm/lib/install.js:364:22
5 verbose cwd /Users/nathaniagodjali/Desktop/meteorApp
6 error Darwin 15.3.0
7 error argv "node" "/usr/local/bin/npm" "install" "twbs:bootstrap" "--save" "bootstrap"
8 error node v0.12.2
9 error npm  v2.7.4
10 error Unsupported URL Type: twbs:bootstrap
11 error If you need help, you may report this error at:
11 error     <https://github.com/npm/npm/issues>
12 verbose exit [ 1, true ]
